<?xml version="1.0" encoding="utf-8"?><testsuites name="pytest tests"><testsuite name="pytest" errors="0" failures="0" skipped="0" tests="26" time="10.581" timestamp="2026-08-08T15:18:03.300273+00:00" hostname="agent-env-2a92afee-003f-410c-8c77-86f1d0dff1ba"><testcase classname="tests.test_auth_admin.TestAuth" name="test_login_success" time="0.468" /><testcase classname="tests.test_auth_admin.TestAuth" name="test_login_wrong_password" time="0.337" /><testcase classname="tests.test_auth_admin.TestAuth" name="test_me_with_token" time="0.458" /><testcase classname="tests.test_auth_admin.TestAuth" name="test_me_without_token" time="0.100" /><testcase classname="tests.test_auth_admin.TestAuth" name="test_me_invalid_token" time="0.098" /><testcase classname="tests.test_auth_admin.TestAuth" name="test_logout" time="0.102" /><testcase classname="tests.test_auth_admin.TestAuth" name="test_change_password_wrong_current" time="0.320" /><testcase classname="tests.test_auth_admin.TestBruteForce" name="test_lockout_after_5_failures" time="2.180" /><testcase classname="tests.test_auth_admin.TestAdminUsers" name="test_list_users_requires_auth" time="0.092" /><testcase classname="tests.test_auth_admin.TestAdminUsers" name="test_list_users" time="0.116" /><testcase classname="tests.test_auth_admin.TestAdminUsers" name="test_create_user_and_dup" time="0.414" /><testcase classname="tests.test_auth_admin.TestAdminUsers" name="test_update_user_and_role_change" time="0.428" /><testcase classname="tests.test_auth_admin.TestAdminUsers" name="test_cannot_change_own_role" time="0.199" /><testcase classname="tests.test_auth_admin.TestAdminUsers" name="test_reset_password_and_login" time="0.962" /><testcase classname="tests.test_auth_admin.TestAdminUsers" name="test_cannot_delete_self" time="0.206" /><testcase classname="tests.test_auth_admin.TestAdminUsers" name="test_delete_user" time="0.515" /><testcase classname="tests.test_auth_admin.TestRBAC" name="test_staff_forbidden_from_admin" time="1.054" /><testcase classname="tests.test_auth_admin.TestDashboard" name="test_dashboard" time="0.730" /><testcase classname="tests.test_auth_admin.TestAdminResources" name="test_list_admin_resources" time="0.097" /><testcase classname="tests.test_auth_admin.TestAdminResources" name="test_resource_crud" time="0.310" /><testcase classname="tests.test_auth_admin.TestActivity" name="test_activity_log_returns_entries" time="0.103" /><testcase classname="tests.test_auth_admin.TestRegression" name="test_resources_public" time="0.093" /><testcase classname="tests.test_auth_admin.TestRegression" name="test_expenses" time="0.090" /><testcase classname="tests.test_auth_admin.TestRegression" name="test_hrms_employees" time="0.091" /><testcase classname="tests.test_auth_admin.TestRegression" name="test_billing_rates" time="0.096" /><testcase classname="tests.test_auth_admin.TestRegression" name="test_discom_divisions" time="0.828" /></testsuite></testsuites>