<?xml version="1.0" encoding="utf-8"?><testsuites name="pytest tests"><testsuite name="pytest" errors="0" failures="0" skipped="0" tests="29" time="3.348" timestamp="2026-08-04T16:50:45.662766+00:00" hostname="agent-env-2a92afee-003f-410c-8c77-86f1d0dff1ba"><testcase classname="tests.test_hrms.TestEmployees" name="test_list" time="0.349" /><testcase classname="tests.test_hrms.TestEmployees" name="test_filter_department" time="0.092" /><testcase classname="tests.test_hrms.TestAttendance" name="test_upsert_and_compute" time="0.451" /><testcase classname="tests.test_hrms.TestEmployees" name="test_search" time="0.095" /><testcase classname="tests.test_hrms.TestAttendance" name="test_upsert_idempotent" time="0.214" /><testcase classname="tests.test_hrms.TestEmployees" name="test_crud_flow" time="1.188" /><testcase classname="tests.test_hrms.TestAttendance" name="test_bulk" time="0.226" /><testcase classname="tests.test_hrms.TestAttendance" name="test_list_filter" time="0.132" /><testcase classname="tests.test_hrms.TestAttendance" name="test_monthly_register" time="0.089" /><testcase classname="tests.test_hrms.TestRegression" name="test_resources" time="0.108" /><testcase classname="tests.test_hrms.TestRegression" name="test_expenses" time="0.141" /><testcase classname="tests.test_hrms.TestRegression" name="test_expense_dashboard" time="0.092" /><testcase classname="tests.test_hrms.TestLookupsSettings" name="test_lookups" time="0.083" /><testcase classname="tests.test_hrms.TestLookupsSettings" name="test_settings_get" time="0.126" /><testcase classname="tests.test_hrms.TestLookupsSettings" name="test_settings_save" time="0.331" /><testcase classname="tests.test_hrms.TestEmployees" name="test_name_validation" time="0.095" /><testcase classname="tests.test_hrms.TestReports" name="test_employees_export" time="0.106" /><testcase classname="tests.test_hrms.TestReports" name="test_attendance_export" time="0.088" /><testcase classname="tests.test_hrms.TestReports" name="test_payroll_export" time="0.099" /><testcase classname="tests.test_hrms.TestLeaves" name="test_apply_and_approve" time="0.463" /><testcase classname="tests.test_hrms.TestReports" name="test_pf_export" time="0.098" /><testcase classname="tests.test_hrms.TestReports" name="test_esic_export" time="0.100" /><testcase classname="tests.test_hrms.TestPayroll" name="test_generate" time="0.141" /><testcase classname="tests.test_hrms.TestPayroll" name="test_list" time="0.086" /><testcase classname="tests.test_hrms.TestLeaves" name="test_apply_invalid_type" time="0.084" /><testcase classname="tests.test_hrms.TestPayroll" name="test_summary" time="0.134" /><testcase classname="tests.test_hrms.TestLeaves" name="test_balance" time="0.085" /><testcase classname="tests.test_hrms.TestDashboard" name="test_dashboard" time="0.090" /><testcase classname="tests.test_hrms.TestSeed" name="test_seed_skip_when_exists" time="0.084" /></testsuite></testsuites>