<?xml version="1.0" encoding="utf-8"?><testsuites name="pytest tests"><testsuite name="pytest" errors="0" failures="1" skipped="0" tests="12" time="2.506" timestamp="2026-08-04T16:15:02.394420+00:00" hostname="agent-env-2a92afee-003f-410c-8c77-86f1d0dff1ba"><testcase classname="tests.test_import.TestFuzzyHeaderMapping" name="test_variants_map" time="0.365" /><testcase classname="tests.test_import.TestUnsupportedFile" name="test_csv_rejected" time="0.364" /><testcase classname="tests.test_import.TestFuzzyHeaderMapping" name="test_alt_variants" time="0.093" /><testcase classname="tests.test_import.TestUnsupportedFile" name="test_txt_rejected" time="0.085" /><testcase classname="tests.test_import.TestUnsupportedFile" name="test_missing_required_column" time="0.088" /><testcase classname="tests.test_import.TestCommit" name="test_commit_skip_duplicates" time="0.588" /><testcase classname="tests.test_import.TestSampleFile" name="test_sample_preview_and_commit" time="0.124"><failure message="TypeError: string indices must be integers, not 'str'">backend/tests/test_import.py:204: in test_sample_preview_and_commit
    session.delete(f"{API}/expenses/item/{e['id']}")
                                          ^^^^^^^
E   TypeError: string indices must be integers, not 'str'</failure></testcase><testcase classname="tests.test_import.TestSampleFile" name="test_dashboard_reflects_import" time="0.510" /><testcase classname="tests.test_import.TestCommit" name="test_commit_allow_duplicates" time="0.583" /><testcase classname="tests.test_import.TestDuplicateDetection" name="test_duplicate_flagged" time="0.312" /><testcase classname="tests.test_import.TestRegression" name="test_resources_still_19" time="0.101" /><testcase classname="tests.test_import.TestValidation" name="test_invalid_and_empty" time="0.087" /></testsuite></testsuites>