<?xml version="1.0" encoding="utf-8"?><testsuites name="pytest tests"><testsuite name="pytest" errors="0" failures="0" skipped="0" tests="11" time="4.726" timestamp="2026-08-04T17:36:57.943574+00:00" hostname="agent-env-2a92afee-003f-410c-8c77-86f1d0dff1ba"><testcase classname="tests.test_billing_payments_statement.TestAddPayment" name="test_partial_payment_partly_paid" time="0.541" /><testcase classname="tests.test_billing_payments_statement.TestAddPayment" name="test_second_partial_still_partly" time="0.319" /><testcase classname="tests.test_billing_payments_statement.TestAddPayment" name="test_full_payment_flips_paid" time="0.363" /><testcase classname="tests.test_billing_payments_statement.TestAddPayment" name="test_add_payment_invalid_invoice" time="0.162" /><testcase classname="tests.test_billing_payments_statement.TestListPayments" name="test_list_sorted_desc" time="0.169" /><testcase classname="tests.test_billing_payments_statement.TestListPayments" name="test_total_matches_invoice_paid" time="0.323" /><testcase classname="tests.test_billing_payments_statement.TestDeletePayment" name="test_delete_all_flips_unpaid" time="0.825" /><testcase classname="tests.test_billing_payments_statement.TestDeletePayment" name="test_delete_nonexistent" time="0.165" /><testcase classname="tests.test_billing_payments_statement.TestStatement" name="test_statement_basic" time="0.664" /><testcase classname="tests.test_billing_payments_statement.TestStatement" name="test_statement_opening_balance_math" time="0.327" /><testcase classname="tests.test_billing_payments_statement.TestStatement" name="test_statement_customer_case_insensitive" time="0.818" /></testsuite></testsuites>