<?xml version="1.0" encoding="utf-8"?><testsuites name="pytest tests"><testsuite name="pytest" errors="0" failures="0" skipped="0" tests="36" time="2.891" timestamp="2026-08-04T15:01:14.017200+00:00" hostname="agent-env-2a92afee-003f-410c-8c77-86f1d0dff1ba"><testcase classname="tests.test_expenses.TestExpenseCRUD" name="test_create_valid" time="0.233" /><testcase classname="tests.test_expenses.TestExpenseCRUD" name="test_get_after_create" time="0.074" /><testcase classname="tests.test_expenses.TestExpenseCRUD" name="test_create_amount_zero_fails" time="0.073" /><testcase classname="tests.test_expenses.TestExpenseListing" name="test_list_all" time="0.452" /><testcase classname="tests.test_expenses.TestExpenseCRUD" name="test_create_negative_amount_fails" time="0.071" /><testcase classname="tests.test_expenses.TestExpenseListing" name="test_filter_category" time="0.174" /><testcase classname="tests.test_expenses.TestExpenseCRUD" name="test_create_invalid_payment_mode" time="0.143" /><testcase classname="tests.test_expenses.TestExpenseCRUD" name="test_create_missing_category" time="0.074" /><testcase classname="tests.test_expenses.TestExpenseListing" name="test_filter_payment_mode" time="0.113" /><testcase classname="tests.test_expenses.TestExpenseCRUD" name="test_create_bad_date" time="0.115" /><testcase classname="tests.test_expenses.TestExpenseListing" name="test_search_q" time="0.114" /><testcase classname="tests.test_expenses.TestExpenseCRUD" name="test_update_expense" time="0.148" /><testcase classname="tests.test_expenses.TestExpenseListing" name="test_date_range" time="0.072" /><testcase classname="tests.test_expenses.TestExpenseListing" name="test_sort_amount_asc" time="0.072" /><testcase classname="tests.test_expenses.TestExpenseCRUD" name="test_update_invalid_amount" time="0.113" /><testcase classname="tests.test_expenses.TestExpenseListing" name="test_count_matches" time="0.118" /><testcase classname="tests.test_expenses.TestExpenseCRUD" name="test_update_bad_id_404" time="0.079" /><testcase classname="tests.test_expenses.TestResourcesRegression" name="test_root" time="0.067" /><testcase classname="tests.test_expenses.TestExpenseCRUD" name="test_delete_bad_id_404" time="0.080" /><testcase classname="tests.test_expenses.TestResourcesRegression" name="test_resources_19" time="0.071" /><testcase classname="tests.test_expenses.TestSummary" name="test_dashboard_summary" time="0.117" /><testcase classname="tests.test_expenses.TestResourcesRegression" name="test_stats" time="0.079" /><testcase classname="tests.test_expenses.TestSummary" name="test_monthly" time="0.080" /><testcase classname="tests.test_expenses.TestResourcesRegression" name="test_activity_list" time="0.070" /><testcase classname="tests.test_expenses.TestSummary" name="test_category" time="0.076" /><testcase classname="tests.test_expenses.TestResourcesRegression" name="test_categories" time="0.122" /><testcase classname="tests.test_expenses.TestSummary" name="test_weekly" time="0.082" /><testcase classname="tests.test_expenses.TestResourcesRegression" name="test_patch_resource" time="0.241" /><testcase classname="tests.test_expenses.TestSummary" name="test_payment" time="0.122" /><testcase classname="tests.test_expenses.TestBackupRestore" name="test_backup" time="0.086" /><testcase classname="tests.test_expenses.TestBudget" name="test_get_default_current" time="0.072" /><testcase classname="tests.test_expenses.TestBackupRestore" name="test_restore_merge" time="0.233" /><testcase classname="tests.test_expenses.TestBudget" name="test_get_specific_month_zero" time="0.076" /><testcase classname="tests.test_expenses.TestBudget" name="test_set_and_get" time="0.409" /><testcase classname="tests.test_expenses.TestExpenseCategories" name="test_categories_payment_modes" time="0.115" /><testcase classname="tests.test_expenses.TestExport" name="test_excel_export" time="0.160" /></testsuite></testsuites>